<?xml version="1.0" encoding="UTF-8"?>
<!-- Generated by org.testng.reporters.JUnitXMLReporter -->
<testsuite ignored="0" hostname="Vaishnavi" failures="1" tests="3" name="Test" time="22.054" errors="0" timestamp="2025-05-18T22:50:56 IST">
  <testcase classname="testCases.TC002_LoginTest" name="verify_login" time="1.807"/>
  <testcase classname="testCases.tc001_AccountRegistrationTest" name="verif_account_registration" time="5.044"/>
  <testcase classname="testCases.TC003_loginDDT" name="verfiy_loginDDT" time="0.0">
    <failure type="org.testng.TestNGException" message="
Method public void testCases.TC003_loginDDT.verfiy_loginDDT(java.lang.String,java.lang.String,java.lang.String) requires a @DataProvider named : LoginData in class org.testng.annotations.DataProvider">
      <![CDATA[org.testng.TestNGException: 
at java.base/java.util.ArrayList.forEach(ArrayList.java:1511)
... Removed 25 stack frames]]>
    </failure>
  </testcase> <!-- verfiy_loginDDT -->
</testsuite> <!-- Test -->
